0 info it worked if it ends with ok
1 verbose cli [ '/Users/renatafrance/.nvm/versions/node/v6.11.2/bin/node',
1 verbose cli   '/Users/renatafrance/.nvm/versions/node/v6.11.2/bin/npm',
1 verbose cli   'run',
1 verbose cli   'build' ]
2 info using npm@3.10.10
3 info using node@v6.11.2
4 verbose run-script [ 'prebuild', 'build', 'postbuild' ]
5 info lifecycle renatafrance@0.1.0~prebuild: renatafrance@0.1.0
6 silly lifecycle renatafrance@0.1.0~prebuild: no script for prebuild, continuing
7 info lifecycle renatafrance@0.1.0~build: renatafrance@0.1.0
8 verbose lifecycle renatafrance@0.1.0~build: unsafe-perm in lifecycle true
9 verbose lifecycle renatafrance@0.1.0~build: PATH: /Users/renatafrance/.nvm/versions/node/v6.11.2/lib/node_modules/npm/bin/node-gyp-bin:/Users/renatafrance/Sites/personal_projects/renata-france/docroot/themes/custom/renatafrance/node_modules/.bin:/Users/renatafrance/.nvm/versions/node/v6.11.2/bin:/Users/renatafrance/.avn/bin:/Users/renatafrance/.rvm/gems/ruby-2.4.2/bin:/Users/renatafrance/.rvm/gems/ruby-2.4.2@global/bin:/Users/renatafrance/.rvm/rubies/ruby-2.4.2/bin:/usr/local/bin:/usr/bin:/bin:/usr/sbin:/sbin:/Applications/DevDesktop/tools:/usr/local/mysql/bin/:/Users/renatafrance/.rvm/bin:/Applications/DevDesktop/tools:/Users/renatafrance/.rvm/bin:/Applications/DevDesktop/tools:/usr/local/mysql/bin/:/Users/renatafrance/.rvm/bin:/Applications/DevDesktop/tools:/Users/renatafrance/.rvm/bin:/Applications/DevDesktop/tools:/Users/renatafrance/.rvm/bin:/Applications/DevDesktop/tools:/Users/renatafrance/.rvm/bin
10 verbose lifecycle renatafrance@0.1.0~build: CWD: /Users/renatafrance/Sites/personal_projects/renata-france/docroot/themes/custom/renatafrance
11 silly lifecycle renatafrance@0.1.0~build: Args: [ '-c', 'gulp' ]
12 silly lifecycle renatafrance@0.1.0~build: Returned: code: 1  signal: null
13 info lifecycle renatafrance@0.1.0~build: Failed to exec build script
14 verbose stack Error: renatafrance@0.1.0 build: `gulp`
14 verbose stack Exit status 1
14 verbose stack     at EventEmitter.<anonymous> (/Users/renatafrance/.nvm/versions/node/v6.11.2/lib/node_modules/npm/lib/utils/lifecycle.js:255:16)
14 verbose stack     at emitTwo (events.js:106:13)
14 verbose stack     at EventEmitter.emit (events.js:191:7)
14 verbose stack     at ChildProcess.<anonymous> (/Users/renatafrance/.nvm/versions/node/v6.11.2/lib/node_modules/npm/lib/utils/spawn.js:40:14)
14 verbose stack     at emitTwo (events.js:106:13)
14 verbose stack     at ChildProcess.emit (events.js:191:7)
14 verbose stack     at maybeClose (internal/child_process.js:891:16)
14 verbose stack     at Process.ChildProcess._handle.onexit (internal/child_process.js:226:5)
15 verbose pkgid renatafrance@0.1.0
16 verbose cwd /Users/renatafrance/Sites/personal_projects/renata-france/docroot/themes/custom/renatafrance
17 error Darwin 16.7.0
18 error argv "/Users/renatafrance/.nvm/versions/node/v6.11.2/bin/node" "/Users/renatafrance/.nvm/versions/node/v6.11.2/bin/npm" "run" "build"
19 error node v6.11.2
20 error npm  v3.10.10
21 error code ELIFECYCLE
22 error renatafrance@0.1.0 build: `gulp`
22 error Exit status 1
23 error Failed at the renatafrance@0.1.0 build script 'gulp'.
23 error Make sure you have the latest version of node.js and npm installed.
23 error If you do, this is most likely a problem with the renatafrance package,
23 error not with npm itself.
23 error Tell the author that this fails on your system:
23 error     gulp
23 error You can get information on how to open an issue for this project with:
23 error     npm bugs renatafrance
23 error Or if that isn't available, you can get their info via:
23 error     npm owner ls renatafrance
23 error There is likely additional logging output above.
24 verbose exit [ 1, true ]
